<?xml version="1.0" encoding="UTF-8"?>
<!-- Generated by org.testng.reporters.JUnitReportReporter -->
<testsuite skipped="0" hostname="BYDLZ52" name="com.Arvind.DeepSelenium.ScreenShot" tests="1" failures="0" timestamp="19 Feb 2019 12:59:23 GMT" time="38.107" errors="0">
  <testcase name="captureScreenMethod" time="38.107" classname="com.Arvind.DeepSelenium.ScreenShot"/>
</testsuite> <!-- com.Arvind.DeepSelenium.ScreenShot -->
